2023-02-21 10:28:14,959 INFO o.s.b.StartupInfoLogger [restartedMain] Starting InterviewManagementSystemApplication using Java 17.0.6 on CLAYFIN-LP261 with PID 12582 (/home/kishorekumar/eclipse-workspace/InterviewManagementSystem/target/classes started by kishorekumar in /home/kishorekumar/eclipse-workspace/InterviewManagementSystem)
2023-02-21 10:28:14,960 INFO o.s.b.SpringApplication [restartedMain] No active profile set, falling back to 1 default profile: "default"
2023-02-21 10:28:15,052 INFO o.s.d.r.c.RepositoryConfigurationDelegate [restartedMain] Bootstrapping Spring Data JPA repositories in DEFAULT mode.
2023-02-21 10:28:15,064 INFO o.s.d.r.c.RepositoryConfigurationDelegate [restartedMain] Finished Spring Data repository scanning in 11 ms. Found 8 JPA repository interfaces.
2023-02-21 10:28:15,120 INFO o.s.b.w.e.t.TomcatWebServer [restartedMain] Tomcat initialized with port(s): 9091 (http)
2023-02-21 10:28:15,121 INFO o.a.j.l.DirectJDKLog [restartedMain] Initializing ProtocolHandler ["http-nio-9091"]
2023-02-21 10:28:15,121 INFO o.a.j.l.DirectJDKLog [restartedMain] Starting service [Tomcat]
2023-02-21 10:28:15,121 INFO o.a.j.l.DirectJDKLog [restartedMain] Starting Servlet engine: [Apache Tomcat/9.0.68]
2023-02-21 10:28:15,127 INFO o.a.j.l.DirectJDKLog [restartedMain] Initializing Spring embedded WebApplicationContext
2023-02-21 10:28:15,127 INFO o.s.b.w.s.c.ServletWebServerApplicationContext [restartedMain] Root WebApplicationContext: initialization completed in 165 ms
2023-02-21 10:28:15,137 INFO c.z.h.HikariDataSource [restartedMain] HikariPool-3 - Starting...
2023-02-21 10:28:17,336 INFO c.z.h.HikariDataSource [restartedMain] HikariPool-3 - Start completed.
2023-02-21 10:28:17,337 INFO o.s.b.a.h.H2ConsoleAutoConfiguration [restartedMain] H2 console available at '/h2'. Database available at 'jdbc:h2:file:/Userdisk/database'
2023-02-21 10:28:17,360 INFO o.h.j.i.u.LogHelper [restartedMain] HHH000204: Processing PersistenceUnitInfo [name: default]
2023-02-21 10:28:17,365 INFO o.h.d.Dialect [restartedMain] HHH000400: Using dialect: org.hibernate.dialect.H2Dialect
2023-02-21 10:28:17,487 INFO o.h.e.t.j.p.i.JtaPlatformInitiator [restartedMain] HHH000490: Using JtaPlatform implementation: [org.hibernate.engine.transaction.jta.platform.internal.NoJtaPlatform]
2023-02-21 10:28:17,487 INFO o.s.o.j.AbstractEntityManagerFactoryBean [restartedMain] Initialized JPA EntityManagerFactory for persistence unit 'default'
2023-02-21 10:28:17,677 WARN o.s.b.a.o.j.JpaBaseConfiguration$JpaWebConfiguration [restartedMain] spring.jpa.open-in-view is enabled by default. Therefore, database queries may be performed during view rendering. Explicitly configure spring.jpa.open-in-view to disable this warning
2023-02-21 10:28:17,741 INFO o.s.b.d.a.OptionalLiveReloadServer [restartedMain] LiveReload server is running on port 35729
2023-02-21 10:28:17,749 INFO o.a.j.l.DirectJDKLog [restartedMain] Starting ProtocolHandler ["http-nio-9091"]
2023-02-21 10:28:17,750 INFO o.s.b.w.e.t.TomcatWebServer [restartedMain] Tomcat started on port(s): 9091 (http) with context path ''
2023-02-21 10:28:17,754 INFO o.s.b.StartupInfoLogger [restartedMain] Started InterviewManagementSystemApplication in 2.858 seconds (JVM running for 96.559)
2023-02-21 10:28:17,757 INFO o.s.b.d.a.ConditionEvaluationDeltaLoggingListener [restartedMain] Condition evaluation delta:


==========================
CONDITION EVALUATION DELTA
==========================


Positive matches:
-----------------

   MailSenderAutoConfiguration matched:
      - @ConditionalOnClass found required classes 'javax.mail.internet.MimeMessage', 'javax.activation.MimeType', 'org.springframework.mail.MailSender' (OnClassCondition)
      - AnyNestedCondition 1 matched 1 did not; NestedCondition on MailSenderAutoConfiguration.MailSenderCondition.JndiNameProperty @ConditionalOnProperty (spring.mail.jndi-name) did not find property 'jndi-name'; NestedCondition on MailSenderAutoConfiguration.MailSenderCondition.HostProperty @ConditionalOnProperty (spring.mail.host) matched (MailSenderAutoConfiguration.MailSenderCondition)
      - @ConditionalOnMissingBean (types: org.springframework.mail.MailSender; SearchStrategy: all) did not find any beans (OnBeanCondition)

   MailSenderPropertiesConfiguration matched:
      - @ConditionalOnProperty (spring.mail.host) matched (OnPropertyCondition)

   MailSenderPropertiesConfiguration#mailSender matched:
      - @ConditionalOnMissingBean (types: org.springframework.mail.javamail.JavaMailSender; SearchStrategy: all) did not find any beans (OnBeanCondition)


Negative matches:
-----------------

   MailSenderJndiConfiguration:
      Did not match:
         - @ConditionalOnProperty (spring.mail.jndi-name) did not find property 'jndi-name' (OnPropertyCondition)
      Matched:
         - @ConditionalOnClass found required class 'javax.mail.Session' (OnClassCondition)


Exclusions:
-----------

    None


Unconditional classes:
----------------------

    None



2023-02-21 10:28:33,464 INFO o.s.b.a.SpringApplicationAdminMXBeanRegistrar$SpringApplicationAdmin [RMI TCP Connection(5)-127.0.0.1] Application shutdown requested.
2023-02-21 10:28:33,467 INFO o.a.j.l.DirectJDKLog [RMI TCP Connection(5)-127.0.0.1] Pausing ProtocolHandler ["http-nio-9091"]
2023-02-21 10:28:33,467 INFO o.a.j.l.DirectJDKLog [RMI TCP Connection(5)-127.0.0.1] Stopping service [Tomcat]
2023-02-21 10:28:33,469 INFO o.a.j.l.DirectJDKLog [RMI TCP Connection(5)-127.0.0.1] Stopping ProtocolHandler ["http-nio-9091"]
2023-02-21 10:28:33,471 INFO o.a.j.l.DirectJDKLog [RMI TCP Connection(5)-127.0.0.1] Destroying ProtocolHandler ["http-nio-9091"]
2023-02-21 10:28:33,475 INFO o.s.o.j.AbstractEntityManagerFactoryBean [RMI TCP Connection(5)-127.0.0.1] Closing JPA EntityManagerFactory for persistence unit 'default'
2023-02-21 10:28:33,476 INFO c.z.h.HikariDataSource [RMI TCP Connection(5)-127.0.0.1] HikariPool-3 - Shutdown initiated...
2023-02-21 10:28:33,478 INFO c.z.h.HikariDataSource [RMI TCP Connection(5)-127.0.0.1] HikariPool-3 - Shutdown completed.
