2023-10-26 12:00:59,723 INFO o.h.v.i.u.Version [background-preinit] HV000001: Hibernate Validator 6.2.5.Final
2023-10-26 12:00:59,773 INFO o.s.b.StartupInfoLogger [restartedMain] Starting InterviewManagementSystemApplication using Java 17.0.7 on CLAYFIN-LP141 with PID 1668 (C:\Users\giridaran.k\Downloads\IMSREST3\IMSREST3\target\classes started by giridaran.k in C:\Users\giridaran.k\Downloads\IMSREST3\IMSREST3)
2023-10-26 12:00:59,778 INFO o.s.b.SpringApplication [restartedMain] No active profile set, falling back to 1 default profile: "default"
2023-10-26 12:00:59,841 INFO o.s.b.l.DeferredLog [restartedMain] Devtools property defaults active! Set 'spring.devtools.add-properties' to 'false' to disable
2023-10-26 12:00:59,842 INFO o.s.b.l.DeferredLog [restartedMain] For additional web related logging consider setting the 'logging.level.web' property to 'DEBUG'
2023-10-26 12:01:00,624 INFO o.s.d.r.c.RepositoryConfigurationDelegate [restartedMain] Bootstrapping Spring Data JPA repositories in DEFAULT mode.
2023-10-26 12:01:00,738 INFO o.s.d.r.c.RepositoryConfigurationDelegate [restartedMain] Finished Spring Data repository scanning in 101 ms. Found 9 JPA repository interfaces.
2023-10-26 12:01:01,724 INFO o.s.b.w.e.t.TomcatWebServer [restartedMain] Tomcat initialized with port(s): 8090 (http)
2023-10-26 12:01:01,748 INFO o.a.j.l.DirectJDKLog [restartedMain] Initializing ProtocolHandler ["http-nio-8090"]
2023-10-26 12:01:01,749 INFO o.a.j.l.DirectJDKLog [restartedMain] Starting service [Tomcat]
2023-10-26 12:01:01,749 INFO o.a.j.l.DirectJDKLog [restartedMain] Starting Servlet engine: [Apache Tomcat/9.0.68]
2023-10-26 12:01:01,866 INFO o.a.j.l.DirectJDKLog [restartedMain] Initializing Spring embedded WebApplicationContext
2023-10-26 12:01:01,867 INFO o.s.b.w.s.c.ServletWebServerApplicationContext [restartedMain] Root WebApplicationContext: initialization completed in 2022 ms
2023-10-26 12:01:01,914 INFO c.z.h.HikariDataSource [restartedMain] HikariPool-1 - Starting...
2023-10-26 12:01:02,193 INFO c.z.h.HikariDataSource [restartedMain] HikariPool-1 - Start completed.
2023-10-26 12:01:02,205 INFO o.s.b.a.h.H2ConsoleAutoConfiguration [restartedMain] H2 console available at '/h2-console'. Database available at 'jdbc:h2:file:/Userdisk/database'
2023-10-26 12:01:02,371 INFO o.h.j.i.u.LogHelper [restartedMain] HHH000204: Processing PersistenceUnitInfo [name: default]
2023-10-26 12:01:02,435 INFO o.h.Version [restartedMain] HHH000412: Hibernate ORM core version 5.6.12.Final
2023-10-26 12:01:02,644 INFO o.h.a.c.r.j.JavaReflectionManager [restartedMain] HCANN000001: Hibernate Commons Annotations {5.1.2.Final}
2023-10-26 12:01:02,758 INFO o.h.d.Dialect [restartedMain] HHH000400: Using dialect: org.hibernate.dialect.H2Dialect
2023-10-26 12:01:03,548 INFO o.h.e.t.j.p.i.JtaPlatformInitiator [restartedMain] HHH000490: Using JtaPlatform implementation: [org.hibernate.engine.transaction.jta.platform.internal.NoJtaPlatform]
2023-10-26 12:01:03,560 INFO o.s.o.j.AbstractEntityManagerFactoryBean [restartedMain] Initialized JPA EntityManagerFactory for persistence unit 'default'
2023-10-26 12:01:03,634 WARN o.s.b.a.o.j.JpaBaseConfiguration$JpaWebConfiguration [restartedMain] spring.jpa.open-in-view is enabled by default. Therefore, database queries may be performed during view rendering. Explicitly configure spring.jpa.open-in-view to disable this warning
2023-10-26 12:01:04,983 INFO o.s.s.w.DefaultSecurityFilterChain [restartedMain] Will secure any request with [org.springframework.security.web.session.DisableEncodeUrlFilter@44e0b604, org.springframework.security.web.context.request.async.WebAsyncManagerIntegrationFilter@79fa2a36, org.springframework.security.web.context.SecurityContextPersistenceFilter@58b6a63e, org.springframework.security.web.header.HeaderWriterFilter@401184b4, org.springframework.web.filter.CorsFilter@7acb5aed, org.springframework.security.web.authentication.logout.LogoutFilter@4cfbb996, com.ims.security.JWTAuthenticationFilter@6a4541a3, org.springframework.security.web.savedrequest.RequestCacheAwareFilter@55768778, org.springframework.security.web.servletapi.SecurityContextHolderAwareRequestFilter@37b38a9e, org.springframework.security.web.authentication.AnonymousAuthenticationFilter@2bd49a79, org.springframework.security.web.session.SessionManagementFilter@f9347c6, org.springframework.security.web.access.ExceptionTranslationFilter@20b7f851, org.springframework.security.web.access.intercept.FilterSecurityInterceptor@557084bf]
2023-10-26 12:01:05,221 INFO o.s.b.d.a.OptionalLiveReloadServer [restartedMain] LiveReload server is running on port 35729
2023-10-26 12:01:05,235 INFO o.a.j.l.DirectJDKLog [restartedMain] Starting ProtocolHandler ["http-nio-8090"]
2023-10-26 12:01:05,268 INFO o.s.b.w.e.t.TomcatWebServer [restartedMain] Tomcat started on port(s): 8090 (http) with context path ''
2023-10-26 12:01:05,285 INFO o.s.b.StartupInfoLogger [restartedMain] Started InterviewManagementSystemApplication in 5.997 seconds (JVM running for 7.051)
2023-10-26 12:01:51,849 INFO o.a.j.l.DirectJDKLog [http-nio-8090-exec-5] Initializing Spring DispatcherServlet 'dispatcherServlet'
2023-10-26 12:01:51,849 INFO o.s.w.s.FrameworkServlet [http-nio-8090-exec-5] Initializing Servlet 'dispatcherServlet'
2023-10-26 12:01:51,849 INFO o.s.w.s.FrameworkServlet [http-nio-8090-exec-5] Completed initialization in 0 ms
2023-10-26 12:15:53,030 INFO o.s.b.d.a.LocalDevToolsAutoConfiguration$RestartingClassPathChangeChangedEventListener [File Watcher] Restarting due to 65 class path changes (0 additions, 5 deletions, 60 modifications)
2023-10-26 12:15:53,053 INFO o.a.j.l.DirectJDKLog [Thread-6] Pausing ProtocolHandler ["http-nio-8090"]
2023-10-26 12:15:53,053 INFO o.a.j.l.DirectJDKLog [Thread-6] Stopping service [Tomcat]
2023-10-26 12:15:53,057 INFO o.a.j.l.DirectJDKLog [Thread-6] Destroying Spring FrameworkServlet 'dispatcherServlet'
2023-10-26 12:15:53,061 INFO o.a.j.l.DirectJDKLog [Thread-6] Stopping ProtocolHandler ["http-nio-8090"]
2023-10-26 12:15:53,063 INFO o.a.j.l.DirectJDKLog [Thread-6] Destroying ProtocolHandler ["http-nio-8090"]
2023-10-26 12:15:53,068 INFO o.s.o.j.AbstractEntityManagerFactoryBean [Thread-6] Closing JPA EntityManagerFactory for persistence unit 'default'
2023-10-26 12:15:53,075 INFO c.z.h.HikariDataSource [Thread-6] HikariPool-1 - Shutdown initiated...
2023-10-26 12:15:53,105 INFO c.z.h.HikariDataSource [Thread-6] HikariPool-1 - Shutdown completed.
